<?xml version="1.0" encoding="UTF-8"?>
<!-- Generated by org.testng.reporters.JUnitXMLReporter -->
<testsuite ignored="0" hostname="user-PC" failures="1" tests="19" name="Test6" time="1224.361" errors="0" timestamp="28 Apr 2018 06:53:33 GMT">
  <testcase classname="test.org.Dashboard" name="verifyDashbo" time="20.027"/>
  <testcase classname="test.org.Dashboard" name="emailLetter" time="29.347"/>
  <testcase classname="test.org.Dashboard" name="BrandedBooklet" time="68.482">
    <failure type="org.openqa.selenium.NoSuchElementException" message="Unable to locate element: //a[text()=&amp;apos;learn more&amp;apos;]
For documentation on this error, please visit: http://seleniumhq.org/exceptions/no_such_element.html
Build info: version: &amp;apos;3.11.0&amp;apos;, revision: &amp;apos;e59cfb3&amp;apos;, time: &amp;apos;2018-03-11T20:33:15.31Z&amp;apos;
System info: host: &amp;apos;USER-PC&amp;apos;, ip: &amp;apos;192.168.1.199&amp;apos;, os.name: &amp;apos;Windows 7&amp;apos;, os.arch: &amp;apos;amd64&amp;apos;, os.version: &amp;apos;6.1&amp;apos;, java.version: &amp;apos;10.0.1&amp;apos;
Driver info: org.openqa.selenium.firefox.FirefoxDriver
Capabilities {acceptInsecureCerts: true, browserName: firefox, browserVersion: 59.0.2, javascriptEnabled: true, moz:accessibilityChecks: false, moz:headless: false, moz:processID: 8220, moz:profile: C:\Users\user\AppData\Local..., moz:useNonSpecCompliantPointerOrigin: false, moz:webdriverClick: true, pageLoadStrategy: normal, platform: XP, platformName: XP, platformVersion: 6.1, rotatable: false, timeouts: {implicit: 0, pageLoad: 300000, script: 30000}}
Session ID: 75964bea-73b0-43a6-928e-9d7b29edff27
*** Element info: {Using=xpath, value=//a[text()=&amp;apos;learn more&amp;apos;]}">
      <![CDATA[org.openqa.selenium.NoSuchElementException: Unable to locate element: //a[text()='learn more']
For documentation on this error, please visit: http://seleniumhq.org/exceptions/no_such_element.html
Build info: version: '3.11.0', revision: 'e59cfb3', time: '2018-03-11T20:33:15.31Z'
System info: host: 'USER-PC', ip: '192.168.1.199', os.name: 'Windows 7', os.arch: 'amd64', os.version: '6.1', java.version: '10.0.1'
Driver info: org.openqa.selenium.firefox.FirefoxDriver
Capabilities {acceptInsecureCerts: true, browserName: firefox, browserVersion: 59.0.2, javascriptEnabled: true, moz:accessibilityChecks: false, moz:headless: false, moz:processID: 8220, moz:profile: C:\Users\user\AppData\Local..., moz:useNonSpecCompliantPointerOrigin: false, moz:webdriverClick: true, pageLoadStrategy: normal, platform: XP, platformName: XP, platformVersion: 6.1, rotatable: false, timeouts: {implicit: 0, pageLoad: 300000, script: 30000}}
Session ID: 75964bea-73b0-43a6-928e-9d7b29edff27
*** Element info: {Using=xpath, value=//a[text()='learn more']}
at org.openqa.selenium.remote.http.W3CHttpResponseCodec.createException(W3CHttpResponseCodec.java:187)
at org.openqa.selenium.remote.http.W3CHttpResponseCodec.decode(W3CHttpResponseCodec.java:122)
at org.openqa.selenium.remote.http.W3CHttpResponseCodec.decode(W3CHttpResponseCodec.java:49)
at org.openqa.selenium.remote.HttpCommandExecutor.execute(HttpCommandExecutor.java:158)
at org.openqa.selenium.remote.service.DriverCommandExecutor.execute(DriverCommandExecutor.java:83)
at org.openqa.selenium.remote.RemoteWebDriver.execute(RemoteWebDriver.java:545)
at org.openqa.selenium.remote.RemoteWebDriver.findElement(RemoteWebDriver.java:319)
at org.openqa.selenium.remote.RemoteWebDriver.findElementByXPath(RemoteWebDriver.java:421)
at org.openqa.selenium.By$ByXPath.findElement(By.java:361)
at org.openqa.selenium.remote.RemoteWebDriver.findElement(RemoteWebDriver.java:311)
at test.org.Dashboard.BrandedBooklet(Dashboard.java:87)
... Removed 29 stack frames]]>
    </failure>
  </testcase> <!-- BrandedBooklet -->
  <testcase classname="test.org.Dashboard" name="agentScript" time="28.374"/>
  <testcase classname="test.org.Dashboard" name="wittyPostcards" time="15.582"/>
  <testcase classname="test.org.Dashboard" name="trainingVideo" time="12.714"/>
  <testcase classname="test.org.Dashboard" name="innercircleDeals" time="14.931"/>
  <testcase classname="test.org.Dashboard" name="fcFacebookGroup" time="0.263"/>
  <testcase classname="test.org.Dashboard" name="helpCenter" time="11.894"/>
  <testcase classname="test.org.Dashboard" name="allArticle" time="25.222"/>
  <testcase classname="test.org.Dashboard" name="allimageMeme" time="30.513"/>
  <testcase classname="test.org.Dashboard" name="allvideoMeme" time="30.674"/>
  <testcase classname="test.org.Dashboard" name="allwistypostcards" time="30.61"/>
  <testcase classname="test.org.Dashboard" name="allfacebookCover" time="30.56"/>
  <testcase classname="test.org.Dashboard" name="Article" time="41.344"/>
  <testcase classname="test.org.Dashboard" name="imageMemes" time="30.437"/>
  <testcase classname="test.org.Dashboard" name="videoMemes" time="31.353"/>
  <testcase classname="test.org.Dashboard" name="wittypostCards" time="30.354"/>
  <testcase classname="test.org.Dashboard" name="FacebookCovers" time="30.293"/>
</testsuite> <!-- Test6 -->
