<?xml version="1.0" encoding="UTF-8"?>
<!-- Generated by org.testng.reporters.JUnitXMLReporter -->
<testsuite ignored="0" hostname="user-PC" failures="0" tests="8" name="Test8" time="437.456" errors="0" timestamp="28 Apr 2018 07:02:21 GMT">
  <testcase classname="test.org.OOPS" name="verifyOops" time="0.421"/>
  <testcase classname="test.org.OOPS" name="verifyDashboard" time="1.623"/>
  <testcase classname="test.org.OOPS" name="verifyContent" time="1.783"/>
  <testcase classname="test.org.OOPS" name="verifyResources" time="3.212"/>
  <testcase classname="test.org.OOPS" name="verifyHelp" time="8.944"/>
  <testcase classname="test.org.OOPS" name="verifyContactus" time="7.13"/>
  <testcase classname="test.org.OOPS" name="verifyAccountSettings" time="4.111"/>
  <testcase classname="test.org.OOPS" name="verifyLogin" time="2.269"/>
</testsuite> <!-- Test8 -->
