<?xml version="1.0" encoding="UTF-8"?>
<!-- Generated by org.testng.reporters.JUnitXMLReporter -->
<testsuite ignored="0" hostname="user-PC" failures="0" tests="6" name="Test5" time="331.405" errors="0" timestamp="28 Apr 2018 06:33:08 GMT">
  <testcase classname="test.org.ContactUs" name="termsofuseverify" time="0.161"/>
  <testcase classname="test.org.ContactUs" name="helpcenterLink" time="5.351"/>
  <testcase classname="test.org.ContactUs" name="thispageLink" time="12.966"/>
  <testcase classname="test.org.ContactUs" name="formFill" time="9.841"/>
  <testcase classname="test.org.ContactUs" name="formFill_Invalid" time="2.426"/>
  <testcase classname="test.org.ContactUs" name="formFill_empty" time="3.546"/>
</testsuite> <!-- Test5 -->
