<?xml version="1.0" encoding="UTF-8"?>
<!-- Generated by org.testng.reporters.JUnitXMLReporter -->
<testsuite ignored="0" hostname="user-PC" failures="2" tests="3" name="Test7" time="90.429" errors="0" timestamp="28 Apr 2018 06:55:03 GMT">
  <testcase classname="test.org.ForgetPassword" name="forgetverify" time="3.864"/>
  <testcase classname="test.org.ForgetPassword" name="forgetInvalid" time="4.502">
    <failure type="org.openqa.selenium.ElementClickInterceptedException" message="Element &amp;lt;input id=&amp;quot;mm-submit-button&amp;quot; class=&amp;quot;mm-button &amp;quot; name=&amp;quot;submit&amp;quot; type=&amp;quot;submit&amp;quot;&amp;gt; is not clickable at point (559.0083160400391,445) because another element &amp;lt;div class=&amp;quot;load-wrap&amp;quot;&amp;gt; obscures it
Build info: version: &amp;apos;3.11.0&amp;apos;, revision: &amp;apos;e59cfb3&amp;apos;, time: &amp;apos;2018-03-11T20:33:15.31Z&amp;apos;
System info: host: &amp;apos;USER-PC&amp;apos;, ip: &amp;apos;192.168.1.199&amp;apos;, os.name: &amp;apos;Windows 7&amp;apos;, os.arch: &amp;apos;amd64&amp;apos;, os.version: &amp;apos;6.1&amp;apos;, java.version: &amp;apos;10.0.1&amp;apos;
Driver info: org.openqa.selenium.firefox.FirefoxDriver
Capabilities {acceptInsecureCerts: true, browserName: firefox, browserVersion: 59.0.2, javascriptEnabled: true, moz:accessibilityChecks: false, moz:headless: false, moz:processID: 1508, moz:profile: C:\Users\user\AppData\Local..., moz:useNonSpecCompliantPointerOrigin: false, moz:webdriverClick: true, pageLoadStrategy: normal, platform: XP, platformName: XP, platformVersion: 6.1, rotatable: false, timeouts: {implicit: 0, pageLoad: 300000, script: 30000}}
Session ID: a5eba8ea-c51b-4853-bd03-fe1063010415">
      <![CDATA[org.openqa.selenium.ElementClickInterceptedException: Element <input id="mm-submit-button" class="mm-button " name="submit" type="submit"> is not clickable at point (559.0083160400391,445) because another element <div class="load-wrap"> obscures it
Build info: version: '3.11.0', revision: 'e59cfb3', time: '2018-03-11T20:33:15.31Z'
System info: host: 'USER-PC', ip: '192.168.1.199', os.name: 'Windows 7', os.arch: 'amd64', os.version: '6.1', java.version: '10.0.1'
Driver info: org.openqa.selenium.firefox.FirefoxDriver
Capabilities {acceptInsecureCerts: true, browserName: firefox, browserVersion: 59.0.2, javascriptEnabled: true, moz:accessibilityChecks: false, moz:headless: false, moz:processID: 1508, moz:profile: C:\Users\user\AppData\Local..., moz:useNonSpecCompliantPointerOrigin: false, moz:webdriverClick: true, pageLoadStrategy: normal, platform: XP, platformName: XP, platformVersion: 6.1, rotatable: false, timeouts: {implicit: 0, pageLoad: 300000, script: 30000}}
Session ID: a5eba8ea-c51b-4853-bd03-fe1063010415
at org.openqa.selenium.remote.http.W3CHttpResponseCodec.createException(W3CHttpResponseCodec.java:187)
at org.openqa.selenium.remote.http.W3CHttpResponseCodec.decode(W3CHttpResponseCodec.java:122)
at org.openqa.selenium.remote.http.W3CHttpResponseCodec.decode(W3CHttpResponseCodec.java:49)
at org.openqa.selenium.remote.HttpCommandExecutor.execute(HttpCommandExecutor.java:158)
at org.openqa.selenium.remote.service.DriverCommandExecutor.execute(DriverCommandExecutor.java:83)
at org.openqa.selenium.remote.RemoteWebDriver.execute(RemoteWebDriver.java:545)
at org.openqa.selenium.remote.RemoteWebElement.execute(RemoteWebElement.java:279)
at org.openqa.selenium.remote.RemoteWebElement.click(RemoteWebElement.java:83)
at test.pom.Forgetpom.typerecoverymypass(Forgetpom.java:31)
at test.org.ForgetPassword.forgetInvalid(ForgetPassword.java:63)
... Removed 29 stack frames]]>
    </failure>
  </testcase> <!-- forgetInvalid -->
  <testcase classname="test.org.ForgetPassword" name="forgetempty" time="3.739">
    <failure type="org.openqa.selenium.ElementClickInterceptedException" message="Element &amp;lt;input id=&amp;quot;mm-submit-button&amp;quot; class=&amp;quot;mm-button &amp;quot; name=&amp;quot;submit&amp;quot; type=&amp;quot;submit&amp;quot;&amp;gt; is not clickable at point (559.0083160400391,445) because another element &amp;lt;div class=&amp;quot;load-wrap&amp;quot;&amp;gt; obscures it
Build info: version: &amp;apos;3.11.0&amp;apos;, revision: &amp;apos;e59cfb3&amp;apos;, time: &amp;apos;2018-03-11T20:33:15.31Z&amp;apos;
System info: host: &amp;apos;USER-PC&amp;apos;, ip: &amp;apos;192.168.1.199&amp;apos;, os.name: &amp;apos;Windows 7&amp;apos;, os.arch: &amp;apos;amd64&amp;apos;, os.version: &amp;apos;6.1&amp;apos;, java.version: &amp;apos;10.0.1&amp;apos;
Driver info: org.openqa.selenium.firefox.FirefoxDriver
Capabilities {acceptInsecureCerts: true, browserName: firefox, browserVersion: 59.0.2, javascriptEnabled: true, moz:accessibilityChecks: false, moz:headless: false, moz:processID: 10688, moz:profile: C:\Users\user\AppData\Local..., moz:useNonSpecCompliantPointerOrigin: false, moz:webdriverClick: true, pageLoadStrategy: normal, platform: XP, platformName: XP, platformVersion: 6.1, rotatable: false, timeouts: {implicit: 0, pageLoad: 300000, script: 30000}}
Session ID: d528803b-9df4-41cb-83b7-52dcd6c52b6e">
      <![CDATA[org.openqa.selenium.ElementClickInterceptedException: Element <input id="mm-submit-button" class="mm-button " name="submit" type="submit"> is not clickable at point (559.0083160400391,445) because another element <div class="load-wrap"> obscures it
Build info: version: '3.11.0', revision: 'e59cfb3', time: '2018-03-11T20:33:15.31Z'
System info: host: 'USER-PC', ip: '192.168.1.199', os.name: 'Windows 7', os.arch: 'amd64', os.version: '6.1', java.version: '10.0.1'
Driver info: org.openqa.selenium.firefox.FirefoxDriver
Capabilities {acceptInsecureCerts: true, browserName: firefox, browserVersion: 59.0.2, javascriptEnabled: true, moz:accessibilityChecks: false, moz:headless: false, moz:processID: 10688, moz:profile: C:\Users\user\AppData\Local..., moz:useNonSpecCompliantPointerOrigin: false, moz:webdriverClick: true, pageLoadStrategy: normal, platform: XP, platformName: XP, platformVersion: 6.1, rotatable: false, timeouts: {implicit: 0, pageLoad: 300000, script: 30000}}
Session ID: d528803b-9df4-41cb-83b7-52dcd6c52b6e
at org.openqa.selenium.remote.http.W3CHttpResponseCodec.createException(W3CHttpResponseCodec.java:187)
at org.openqa.selenium.remote.http.W3CHttpResponseCodec.decode(W3CHttpResponseCodec.java:122)
at org.openqa.selenium.remote.http.W3CHttpResponseCodec.decode(W3CHttpResponseCodec.java:49)
at org.openqa.selenium.remote.HttpCommandExecutor.execute(HttpCommandExecutor.java:158)
at org.openqa.selenium.remote.service.DriverCommandExecutor.execute(DriverCommandExecutor.java:83)
at org.openqa.selenium.remote.RemoteWebDriver.execute(RemoteWebDriver.java:545)
at org.openqa.selenium.remote.RemoteWebElement.execute(RemoteWebElement.java:279)
at org.openqa.selenium.remote.RemoteWebElement.click(RemoteWebElement.java:83)
at test.pom.Forgetpom.typerecoverymypass(Forgetpom.java:31)
at test.org.ForgetPassword.forgetempty(ForgetPassword.java:74)
... Removed 29 stack frames]]>
    </failure>
  </testcase> <!-- forgetempty -->
</testsuite> <!-- Test7 -->
